0	1	mikroCARM.exe -MSF -DBG -pSTM32F103RB -RA -BIN -LHF -C -DL -SSA -O11111114 -fo32 -N"E:\OneDrive - Instituto Politecnico Nacional\DOCENCIA\PERIODO 20221\Electronica Digital cinvestav\Ejercicio2\Ejercicio2.mcpar" -SP"C:\Users\Public\Documents\Mikroelektronika\mikroC PRO for ARM\Defs\" -SP"C:\Users\Public\Documents\Mikroelektronika\mikroC PRO for ARM\Uses\ST M3\" -SP"E:\OneDrive - Instituto Politecnico Nacional\DOCENCIA\PERIODO 20221\Electronica Digital cinvestav\Ejercicio2\" -IP"C:\Users\Public\Documents\Mikroelektronika\mikroC PRO for ARM\Uses\ST M3\" "Ejercicio2.c" "__Lib_Math.emcl" "__Lib_MathDouble.emcl" "__Lib_Delays.emcl" "__Lib_System_101_102_103.emcl" "__Lib_GPIO_32F10x_Defs.emcl" "__Lib_GPIO_32F10x.emcl"	 
diagnostics: 0	122	Compilation Started	STM32F103RB.c
diagnostics: 30441	123	Compiled Successfully	STM32F103RB.c
diagnostics: 0	122	Compilation Started	__Lib_Delays.c
diagnostics: 118	123	Compiled Successfully	__Lib_Delays.c
hint: 66	1164	Variable 'cycles_div_by_10' has been eliminated by optimizer	__Lib_Delays.c
hint: 87	1164	Variable 'NumberOfCyc' has been eliminated by optimizer	__Lib_Delays.c
hint: 104	1164	Variable 'NumberOfCyc' has been eliminated by optimizer	__Lib_Delays.c
diagnostics: 0	122	Compilation Started	__lib_gpio.h
diagnostics: 834	123	Compiled Successfully	__Lib_GPIO_32F10x_Defs.c
diagnostics: 0	122	Compilation Started	Ejercicio2.c
diagnostics: 51	123	Compiled Successfully	Ejercicio2.c
diagnostics: 0	127	All files Compiled in 93 ms	 
hint: 0	1144	Used RX: 16 (100%)   Free RX: 0 (0%)	Used RX: 16 (100%)   Free RX: 0 (0%)
hint: 0	1144	Static RAM (bytes): 4   Dynamic RAM (bytes): 20473	Static RAM (bytes): 4   Dynamic RAM (bytes): 20473
hint: 0	1144	Used ROM (bytes): 1630 (1%)  Free ROM (bytes): 129442 (99%)	Used ROM (bytes): 1630 (1%)  Free ROM (bytes): 129442 (99%)
diagnostics: 0	125	Project Linked Successfully	Ejercicio2.mcpar
diagnostics: 0	128	Linked in 157 ms	 
diagnostics: 0	129	Project 'Ejercicio2.mcpar' completed: 922 ms	 
diagnostics: 0	103	Finished successfully: 30 sep. 2021, 20:41:06	Ejercicio2.mcpar
