;  LST file generated by mikroListExporter - v.2.0 
; Date/Time: 01/07/2017 05:41:12 p. m.
;----------------------------------------------

;Address Opcode 	ASM
____SysVT:
0x0000	0x4FFC2000  	536891388
0x0004	0x03FD0000  	1021
0x0008	0x03050000  	773
0x000C	0x03050000  	773
0x0010	0x03050000  	773
0x0014	0x03050000  	773
0x0018	0x03050000  	773
0x001C	0x03050000  	773
0x0020	0x03050000  	773
0x0024	0x03050000  	773
0x0028	0x03050000  	773
0x002C	0x03050000  	773
0x0030	0x03050000  	773
0x0034	0x03050000  	773
0x0038	0x03050000  	773
0x003C	0x03050000  	773
0x0040	0x03050000  	773
0x0044	0x03050000  	773
0x0048	0x03050000  	773
0x004C	0x03050000  	773
0x0050	0x03050000  	773
0x0054	0x03050000  	773
0x0058	0x03050000  	773
0x005C	0x03050000  	773
0x0060	0x03050000  	773
0x0064	0x03050000  	773
0x0068	0x03050000  	773
0x006C	0x03050000  	773
0x0070	0x03050000  	773
0x0074	0x03050000  	773
0x0078	0x03050000  	773
0x007C	0x03050000  	773
0x0080	0x03050000  	773
0x0084	0x03050000  	773
0x0088	0x03050000  	773
0x008C	0x03050000  	773
0x0090	0x03050000  	773
0x0094	0x03050000  	773
0x0098	0x03050000  	773
0x009C	0x03050000  	773
0x00A0	0x03050000  	773
0x00A4	0x03050000  	773
0x00A8	0x03050000  	773
0x00AC	0x03050000  	773
0x00B0	0x03050000  	773
0x00B4	0x03050000  	773
0x00B8	0x03050000  	773
0x00BC	0x03050000  	773
0x00C0	0x03050000  	773
0x00C4	0x03050000  	773
0x00C8	0x03050000  	773
0x00CC	0x03050000  	773
0x00D0	0x03050000  	773
0x00D4	0x03050000  	773
0x00D8	0x03050000  	773
0x00DC	0x03050000  	773
0x00E0	0x03050000  	773
0x00E4	0x03050000  	773
0x00E8	0x03050000  	773
0x00EC	0x03050000  	773
0x00F0	0x03050000  	773
0x00F4	0x03050000  	773
0x00F8	0x03050000  	773
0x00FC	0x03050000  	773
0x0100	0x03050000  	773
0x0104	0x03050000  	773
0x0108	0x03050000  	773
0x010C	0x03050000  	773
0x0110	0x03050000  	773
0x0114	0x03050000  	773
0x0118	0x03050000  	773
0x011C	0x03050000  	773
0x0120	0x03050000  	773
0x0124	0x03050000  	773
0x0128	0x03050000  	773
0x012C	0x03050000  	773
; end of ____SysVT
_main:
;PIE.c, 31 :: 		void main()
0x03FC	0xF7FFFF86  BL	780
0x0400	0xF000F812  BL	1064
0x0404	0xF7FFFF74  BL	752
;PIE.c, 33 :: 		Conf_maq();
0x0408	0xF7FFFF28  BL	_Conf_maq+0
;PIE.c, 34 :: 		Ini_var();
0x040C	0xF7FFFEE6  BL	_Ini_var+0
;PIE.c, 35 :: 		while(1)  // Bucle principal
L_main0:
;PIE.c, 37 :: 		Proceso();
0x0410	0xF7FFFE8E  BL	_Proceso+0
;PIE.c, 38 :: 		}
0x0414	0xE7FC    B	L_main0
;PIE.c, 39 :: 		}
L_end_main:
L__main_end_loop:
0x0416	0xE7FE    B	L__main_end_loop
; end of _main
___FillZeros:
;__Lib_System_101_102_103.c, 69 :: 		
0x0220	0xB081    SUB	SP, SP, #4
;__Lib_System_101_102_103.c, 71 :: 		
0x0222	0xF04F0900  MOV	R9, #0
;__Lib_System_101_102_103.c, 72 :: 		
0x0226	0xF04F0C00  MOV	R12, #0
;__Lib_System_101_102_103.c, 73 :: 		
0x022A	0xEBBD0F0A  CMP	SP, R10, LSL #0
;__Lib_System_101_102_103.c, 74 :: 		
0x022E	0xDC04    BGT	L_loopFZs
;__Lib_System_101_102_103.c, 75 :: 		
0x0230	0xEBBD0F0B  CMP	SP, R11, LSL #0
;__Lib_System_101_102_103.c, 76 :: 		
0x0234	0xDB01    BLT	L_loopFZs
;__Lib_System_101_102_103.c, 77 :: 		
0x0236	0x46D4    MOV	R12, R10
;__Lib_System_101_102_103.c, 78 :: 		
0x0238	0x46EA    MOV	R10, SP
;__Lib_System_101_102_103.c, 79 :: 		
L_loopFZs:
;__Lib_System_101_102_103.c, 80 :: 		
0x023A	0xF84B9B04  STR	R9, [R11], #4
;__Lib_System_101_102_103.c, 81 :: 		
0x023E	0xEBBB0F0A  CMP	R11, R10, LSL #0
;__Lib_System_101_102_103.c, 82 :: 		
0x0242	0xD1FA    BNE	L_loopFZs
;__Lib_System_101_102_103.c, 83 :: 		
0x0244	0xEBBC0F0A  CMP	R12, R10, LSL #0
;__Lib_System_101_102_103.c, 84 :: 		
0x0248	0xDD05    BLE	L_norep
;__Lib_System_101_102_103.c, 85 :: 		
0x024A	0x46E2    MOV	R10, R12
;__Lib_System_101_102_103.c, 86 :: 		
0x024C	0xF8D9B000  LDR	R11, [R9, #0]
;__Lib_System_101_102_103.c, 87 :: 		
0x0250	0xF10B0B04  ADD	R11, R11, #4
;__Lib_System_101_102_103.c, 88 :: 		
0x0254	0xE7F1    B	L_loopFZs
;__Lib_System_101_102_103.c, 89 :: 		
L_norep:
;__Lib_System_101_102_103.c, 91 :: 		
L_end___FillZeros:
0x0256	0xB001    ADD	SP, SP, #4
0x0258	0x4770    BX	LR
; end of ___FillZeros
_Conf_maq:
;PIE.c, 41 :: 		void Conf_maq()
;PIE.c, 43 :: 		RCC_APB2ENR|=1<<IOPBEN; //hABILITA EL RELOJ DEL PUERTO B
0x025C	0x481E    LDR	R0, [PC, #120]
0x025E	0x6800    LDR	R0, [R0, #0]
0x0260	0xF0400108  ORR	R1, R0, #8
0x0264	0x481C    LDR	R0, [PC, #112]
0x0266	0x6001    STR	R1, [R0, #0]
;PIE.c, 46 :: 		(15<<(4*4))|(15<<(5*4))|(14<<(6*4))|(15<<(7*4)));
0x0268	0x481C    LDR	R0, [PC, #112]
0x026A	0x6800    LDR	R0, [R0, #0]
0x026C	0xF0007180  AND	R1, R0, #16777216
0x0270	0x481A    LDR	R0, [PC, #104]
0x0272	0x6001    STR	R1, [R0, #0]
;PIE.c, 49 :: 		(6<<(4*4))|(6<<(5*4))|(6<<(6*4))|(6<<(7*4)));
0x0274	0x4819    LDR	R0, [PC, #100]
0x0276	0x6800    LDR	R0, [R0, #0]
0x0278	0xF0403166  ORR	R1, R0, #1717986918
0x027C	0x4817    LDR	R0, [PC, #92]
0x027E	0x6001    STR	R1, [R0, #0]
;PIE.c, 51 :: 		RCC_APB2ENR|=1<<IOPCEN;
0x0280	0x4815    LDR	R0, [PC, #84]
0x0282	0x6800    LDR	R0, [R0, #0]
0x0284	0xF0400110  ORR	R1, R0, #16
0x0288	0x4813    LDR	R0, [PC, #76]
0x028A	0x6001    STR	R1, [R0, #0]
;PIE.c, 53 :: 		GPIOC_CRL&=~( (15<<(0*4))|(15<<(1*4))|(15<<(2*4)) );
0x028C	0x4814    LDR	R0, [PC, #80]
0x028E	0x6801    LDR	R1, [R0, #0]
0x0290	0x4814    LDR	R0, [PC, #80]
0x0292	0x4001    ANDS	R1, R0
0x0294	0x4812    LDR	R0, [PC, #72]
0x0296	0x6001    STR	R1, [R0, #0]
;PIE.c, 54 :: 		GPIOC_CRL|= ( (8<<(0*4))|(8<<(1*4))|(8<<(2*4)) );
0x0298	0x4811    LDR	R0, [PC, #68]
0x029A	0x6801    LDR	R1, [R0, #0]
0x029C	0xF6400088  MOVW	R0, #2184
0x02A0	0x4301    ORRS	R1, R0
0x02A2	0x480F    LDR	R0, [PC, #60]
0x02A4	0x6001    STR	R1, [R0, #0]
;PIE.c, 55 :: 		GPIOC_BSRR|= ( (1<<(0))|(1<<(1))|(1<<(2)) );
0x02A6	0x4810    LDR	R0, [PC, #64]
0x02A8	0x6800    LDR	R0, [R0, #0]
0x02AA	0xF0400107  ORR	R1, R0, #7
0x02AE	0x480E    LDR	R0, [PC, #56]
0x02B0	0x6001    STR	R1, [R0, #0]
;PIE.c, 57 :: 		RCC_APB2ENR|=1<<IOPAEN;
0x02B2	0x4809    LDR	R0, [PC, #36]
0x02B4	0x6800    LDR	R0, [R0, #0]
0x02B6	0xF0400104  ORR	R1, R0, #4
0x02BA	0x4807    LDR	R0, [PC, #28]
0x02BC	0x6001    STR	R1, [R0, #0]
;PIE.c, 59 :: 		GPIOC_CRH&=~( (15<<(0*4))|(15<<(1*4)) );
0x02BE	0x480B    LDR	R0, [PC, #44]
0x02C0	0x6800    LDR	R0, [R0, #0]
0x02C2	0xF0000100  AND	R1, R0, #0
0x02C6	0x4809    LDR	R0, [PC, #36]
0x02C8	0x6001    STR	R1, [R0, #0]
;PIE.c, 60 :: 		GPIOC_CRH|= ( (2<<(0*4))|(2<<(1*4)) );
0x02CA	0x4808    LDR	R0, [PC, #32]
0x02CC	0x6800    LDR	R0, [R0, #0]
0x02CE	0xF0400122  ORR	R1, R0, #34
0x02D2	0x4806    LDR	R0, [PC, #24]
0x02D4	0x6001    STR	R1, [R0, #0]
;PIE.c, 62 :: 		}
L_end_Conf_maq:
0x02D6	0x4770    BX	LR
0x02D8	0x10184002  	RCC_APB2ENR+0
0x02DC	0x0C044001  	GPIOB_CRH+0
0x02E0	0x10004001  	GPIOC_CRL+0
0x02E4	0xF000FFFF  	#-4096
0x02E8	0x10104001  	GPIOC_BSRR+0
0x02EC	0x10044001  	GPIOC_CRH+0
; end of _Conf_maq
_Ini_var:
;PIE.c, 63 :: 		void Ini_var()
;PIE.c, 65 :: 		estado=SENSORES&0X07;
0x01DC	0x480A    LDR	R0, [PC, #40]
0x01DE	0x6800    LDR	R0, [R0, #0]
0x01E0	0xF0000107  AND	R1, R0, #7
0x01E4	0x4809    LDR	R0, [PC, #36]
0x01E6	0x7001    STRB	R1, [R0, #0]
;PIE.c, 66 :: 		DISPLAY= indicadores[estado]<<8;
0x01E8	0xB2C9    UXTB	R1, R1
0x01EA	0x4809    LDR	R0, [PC, #36]
0x01EC	0x1840    ADDS	R0, R0, R1
0x01EE	0x7800    LDRB	R0, [R0, #0]
0x01F0	0x0201    LSLS	R1, R0, #8
0x01F2	0xB289    UXTH	R1, R1
0x01F4	0x4807    LDR	R0, [PC, #28]
0x01F6	0x6001    STR	R1, [R0, #0]
;PIE.c, 67 :: 		BOMBA1=0;
0x01F8	0x2100    MOVS	R1, #0
0x01FA	0xB249    SXTB	R1, R1
0x01FC	0x4806    LDR	R0, [PC, #24]
0x01FE	0x6001    STR	R1, [R0, #0]
;PIE.c, 68 :: 		BOMBA2=0;
0x0200	0x4806    LDR	R0, [PC, #24]
0x0202	0x6001    STR	R1, [R0, #0]
;PIE.c, 69 :: 		}
L_end_Ini_var:
0x0204	0x4770    BX	LR
0x0206	0xBF00    NOP
0x0208	0x10084001  	GPIOC_IDR+0
0x020C	0x00002000  	_estado+0
0x0210	0x04200000  	_indicadores+0
0x0214	0x0C0C4001  	GPIOB_ODR+0
0x0218	0x01A04221  	GPIOA_ODR+0
0x021C	0x01A44221  	GPIOA_ODR+0
; end of _Ini_var
_Proceso:
;PIE.c, 70 :: 		void Proceso()
;PIE.c, 72 :: 		estado=SENSORES&0X07;
0x0130	0x480B    LDR	R0, [PC, #44]
0x0132	0x6800    LDR	R0, [R0, #0]
0x0134	0xF0000207  AND	R2, R0, #7
0x0138	0x480A    LDR	R0, [PC, #40]
0x013A	0x7002    STRB	R2, [R0, #0]
;PIE.c, 73 :: 		DISPLAY= indicadores[estado]<<8;
0x013C	0xB2D1    UXTB	R1, R2
0x013E	0x480A    LDR	R0, [PC, #40]
0x0140	0x1840    ADDS	R0, R0, R1
0x0142	0x7800    LDRB	R0, [R0, #0]
0x0144	0x0201    LSLS	R1, R0, #8
0x0146	0xB289    UXTH	R1, R1
0x0148	0x4808    LDR	R0, [PC, #32]
0x014A	0x6001    STR	R1, [R0, #0]
;PIE.c, 74 :: 		BOMBAS=activadores[estado]<<8;
0x014C	0xB2D1    UXTB	R1, R2
0x014E	0x4808    LDR	R0, [PC, #32]
0x0150	0x1840    ADDS	R0, R0, R1
0x0152	0x7800    LDRB	R0, [R0, #0]
0x0154	0x0201    LSLS	R1, R0, #8
0x0156	0xB289    UXTH	R1, R1
0x0158	0x4806    LDR	R0, [PC, #24]
0x015A	0x6001    STR	R1, [R0, #0]
;PIE.c, 75 :: 		}
L_end_Proceso:
0x015C	0x4770    BX	LR
0x015E	0xBF00    NOP
0x0160	0x10084001  	GPIOC_IDR+0
0x0164	0x00002000  	_estado+0
0x0168	0x04200000  	_indicadores+0
0x016C	0x0C0C4001  	GPIOB_ODR+0
0x0170	0x04180000  	_activadores+0
0x0174	0x080C4001  	GPIOA_ODR+0
; end of _Proceso
___CC2DW:
;__Lib_System_101_102_103.c, 27 :: 		
0x0178	0xB081    SUB	SP, SP, #4
;__Lib_System_101_102_103.c, 29 :: 		
L_loopDW:
;__Lib_System_101_102_103.c, 30 :: 		
0x017A	0xF81C9B01  LDRB	R9, [R12], #1
;__Lib_System_101_102_103.c, 31 :: 		
0x017E	0xF80B9B01  STRB	R9, [R11], #1
;__Lib_System_101_102_103.c, 32 :: 		
0x0182	0xEBBB0F0A  CMP	R11, R10, LSL #0
;__Lib_System_101_102_103.c, 33 :: 		
0x0186	0xD1F8    BNE	L_loopDW
;__Lib_System_101_102_103.c, 35 :: 		
L_end___CC2DW:
0x0188	0xB001    ADD	SP, SP, #4
0x018A	0x4770    BX	LR
; end of ___CC2DW
__Lib_System_101_102_103_InitialSetUpRCCRCC2:
;__Lib_System_101_102_103.c, 368 :: 		
0x030C	0xB082    SUB	SP, SP, #8
0x030E	0xF8CDE000  STR	LR, [SP, #0]
;__Lib_System_101_102_103.c, 371 :: 		
; ulRCC_CR start address is: 8 (R2)
0x0312	0x4A33    LDR	R2, [PC, #204]
;__Lib_System_101_102_103.c, 372 :: 		
; ulRCC_CFGR start address is: 12 (R3)
0x0314	0x4B33    LDR	R3, [PC, #204]
;__Lib_System_101_102_103.c, 373 :: 		
; Fosc_kHz start address is: 4 (R1)
0x0316	0x4934    LDR	R1, [PC, #208]
;__Lib_System_101_102_103.c, 380 :: 		
0x0318	0xF64B3080  MOVW	R0, #48000
0x031C	0x4281    CMP	R1, R0
0x031E	0xD906    BLS	L___Lib_System_101_102_103_InitialSetUpRCCRCC231
; Fosc_kHz end address is: 4 (R1)
;__Lib_System_101_102_103.c, 381 :: 		
0x0320	0x4832    LDR	R0, [PC, #200]
0x0322	0x6800    LDR	R0, [R0, #0]
0x0324	0xF0400102  ORR	R1, R0, #2
0x0328	0x4830    LDR	R0, [PC, #192]
0x032A	0x6001    STR	R1, [R0, #0]
0x032C	0xE011    B	L___Lib_System_101_102_103_InitialSetUpRCCRCC232
L___Lib_System_101_102_103_InitialSetUpRCCRCC231:
;__Lib_System_101_102_103.c, 382 :: 		
; Fosc_kHz start address is: 4 (R1)
0x032E	0xF64550C0  MOVW	R0, #24000
0x0332	0x4281    CMP	R1, R0
0x0334	0xD906    BLS	L___Lib_System_101_102_103_InitialSetUpRCCRCC233
; Fosc_kHz end address is: 4 (R1)
;__Lib_System_101_102_103.c, 383 :: 		
0x0336	0x482D    LDR	R0, [PC, #180]
0x0338	0x6800    LDR	R0, [R0, #0]
0x033A	0xF0400101  ORR	R1, R0, #1
0x033E	0x482B    LDR	R0, [PC, #172]
0x0340	0x6001    STR	R1, [R0, #0]
0x0342	0xE006    B	L___Lib_System_101_102_103_InitialSetUpRCCRCC234
L___Lib_System_101_102_103_InitialSetUpRCCRCC233:
;__Lib_System_101_102_103.c, 385 :: 		
0x0344	0x4829    LDR	R0, [PC, #164]
0x0346	0x6801    LDR	R1, [R0, #0]
0x0348	0xF06F0007  MVN	R0, #7
0x034C	0x4001    ANDS	R1, R0
0x034E	0x4827    LDR	R0, [PC, #156]
0x0350	0x6001    STR	R1, [R0, #0]
L___Lib_System_101_102_103_InitialSetUpRCCRCC234:
L___Lib_System_101_102_103_InitialSetUpRCCRCC232:
;__Lib_System_101_102_103.c, 387 :: 		
0x0352	0xF7FFFF1B  BL	__Lib_System_101_102_103_SystemClockSetDefault+0
;__Lib_System_101_102_103.c, 389 :: 		
0x0356	0x4826    LDR	R0, [PC, #152]
0x0358	0x6003    STR	R3, [R0, #0]
;__Lib_System_101_102_103.c, 390 :: 		
0x035A	0x4826    LDR	R0, [PC, #152]
0x035C	0xEA020100  AND	R1, R2, R0, LSL #0
0x0360	0x4825    LDR	R0, [PC, #148]
0x0362	0x6001    STR	R1, [R0, #0]
;__Lib_System_101_102_103.c, 392 :: 		
0x0364	0xF0020001  AND	R0, R2, #1
0x0368	0xB140    CBZ	R0, L___Lib_System_101_102_103_InitialSetUpRCCRCC246
; ulRCC_CFGR end address is: 12 (R3)
; ulRCC_CR end address is: 8 (R2)
0x036A	0x4619    MOV	R1, R3
;__Lib_System_101_102_103.c, 393 :: 		
L___Lib_System_101_102_103_InitialSetUpRCCRCC236:
; ulRCC_CFGR start address is: 4 (R1)
; ulRCC_CR start address is: 8 (R2)
0x036C	0x4822    LDR	R0, [PC, #136]
0x036E	0x6800    LDR	R0, [R0, #0]
0x0370	0xF0000002  AND	R0, R0, #2
0x0374	0x2800    CMP	R0, #0
0x0376	0xD100    BNE	L___Lib_System_101_102_103_InitialSetUpRCCRCC237
;__Lib_System_101_102_103.c, 394 :: 		
0x0378	0xE7F8    B	L___Lib_System_101_102_103_InitialSetUpRCCRCC236
L___Lib_System_101_102_103_InitialSetUpRCCRCC237:
;__Lib_System_101_102_103.c, 395 :: 		
; ulRCC_CFGR end address is: 4 (R1)
0x037A	0xE000    B	L___Lib_System_101_102_103_InitialSetUpRCCRCC235
; ulRCC_CR end address is: 8 (R2)
L___Lib_System_101_102_103_InitialSetUpRCCRCC246:
;__Lib_System_101_102_103.c, 392 :: 		
0x037C	0x4619    MOV	R1, R3
;__Lib_System_101_102_103.c, 395 :: 		
L___Lib_System_101_102_103_InitialSetUpRCCRCC235:
;__Lib_System_101_102_103.c, 397 :: 		
; ulRCC_CFGR start address is: 4 (R1)
; ulRCC_CR start address is: 8 (R2)
0x037E	0xF4023080  AND	R0, R2, #65536
0x0382	0xB148    CBZ	R0, L___Lib_System_101_102_103_InitialSetUpRCCRCC247
; ulRCC_CR end address is: 8 (R2)
; ulRCC_CFGR end address is: 4 (R1)
;__Lib_System_101_102_103.c, 398 :: 		
L___Lib_System_101_102_103_InitialSetUpRCCRCC239:
; ulRCC_CR start address is: 8 (R2)
; ulRCC_CFGR start address is: 4 (R1)
0x0384	0x481C    LDR	R0, [PC, #112]
0x0386	0x6800    LDR	R0, [R0, #0]
0x0388	0xF4003000  AND	R0, R0, #131072
0x038C	0xB900    CBNZ	R0, L___Lib_System_101_102_103_InitialSetUpRCCRCC240
;__Lib_System_101_102_103.c, 399 :: 		
0x038E	0xE7F9    B	L___Lib_System_101_102_103_InitialSetUpRCCRCC239
L___Lib_System_101_102_103_InitialSetUpRCCRCC240:
;__Lib_System_101_102_103.c, 400 :: 		
0x0390	0x9201    STR	R2, [SP, #4]
; ulRCC_CFGR end address is: 4 (R1)
0x0392	0x460A    MOV	R2, R1
0x0394	0x9901    LDR	R1, [SP, #4]
0x0396	0xE002    B	L___Lib_System_101_102_103_InitialSetUpRCCRCC238
; ulRCC_CR end address is: 8 (R2)
L___Lib_System_101_102_103_InitialSetUpRCCRCC247:
;__Lib_System_101_102_103.c, 397 :: 		
0x0398	0x9101    STR	R1, [SP, #4]
0x039A	0x4611    MOV	R1, R2
0x039C	0x9A01    LDR	R2, [SP, #4]
;__Lib_System_101_102_103.c, 400 :: 		
L___Lib_System_101_102_103_InitialSetUpRCCRCC238:
;__Lib_System_101_102_103.c, 402 :: 		
; ulRCC_CR start address is: 4 (R1)
; ulRCC_CFGR start address is: 8 (R2)
0x039E	0xF0017080  AND	R0, R1, #16777216
; ulRCC_CR end address is: 4 (R1)
0x03A2	0xB170    CBZ	R0, L___Lib_System_101_102_103_InitialSetUpRCCRCC248
;__Lib_System_101_102_103.c, 403 :: 		
0x03A4	0x4814    LDR	R0, [PC, #80]
0x03A6	0x6800    LDR	R0, [R0, #0]
0x03A8	0xF0407180  ORR	R1, R0, #16777216
0x03AC	0x4812    LDR	R0, [PC, #72]
0x03AE	0x6001    STR	R1, [R0, #0]
; ulRCC_CFGR end address is: 8 (R2)
0x03B0	0x4611    MOV	R1, R2
;__Lib_System_101_102_103.c, 404 :: 		
L___Lib_System_101_102_103_InitialSetUpRCCRCC242:
; ulRCC_CFGR start address is: 4 (R1)
0x03B2	0x4811    LDR	R0, [PC, #68]
0x03B4	0x6800    LDR	R0, [R0, #0]
0x03B6	0xF0007000  AND	R0, R0, #33554432
0x03BA	0xB900    CBNZ	R0, L___Lib_System_101_102_103_InitialSetUpRCCRCC243
;__Lib_System_101_102_103.c, 405 :: 		
0x03BC	0xE7F9    B	L___Lib_System_101_102_103_InitialSetUpRCCRCC242
L___Lib_System_101_102_103_InitialSetUpRCCRCC243:
;__Lib_System_101_102_103.c, 406 :: 		
0x03BE	0x460A    MOV	R2, R1
0x03C0	0xE7FF    B	L___Lib_System_101_102_103_InitialSetUpRCCRCC241
; ulRCC_CFGR end address is: 4 (R1)
L___Lib_System_101_102_103_InitialSetUpRCCRCC248:
;__Lib_System_101_102_103.c, 402 :: 		
;__Lib_System_101_102_103.c, 406 :: 		
L___Lib_System_101_102_103_InitialSetUpRCCRCC241:
;__Lib_System_101_102_103.c, 409 :: 		
; ulRCC_CFGR start address is: 8 (R2)
; ulRCC_CFGR end address is: 8 (R2)
L___Lib_System_101_102_103_InitialSetUpRCCRCC244:
; ulRCC_CFGR start address is: 8 (R2)
0x03C2	0x480B    LDR	R0, [PC, #44]
0x03C4	0x6800    LDR	R0, [R0, #0]
0x03C6	0xF000010C  AND	R1, R0, #12
0x03CA	0x0090    LSLS	R0, R2, #2
0x03CC	0xF000000C  AND	R0, R0, #12
0x03D0	0x4281    CMP	R1, R0
0x03D2	0xD000    BEQ	L___Lib_System_101_102_103_InitialSetUpRCCRCC245
;__Lib_System_101_102_103.c, 410 :: 		
; ulRCC_CFGR end address is: 8 (R2)
0x03D4	0xE7F5    B	L___Lib_System_101_102_103_InitialSetUpRCCRCC244
L___Lib_System_101_102_103_InitialSetUpRCCRCC245:
;__Lib_System_101_102_103.c, 412 :: 		
L_end_InitialSetUpRCCRCC2:
0x03D6	0xF8DDE000  LDR	LR, [SP, #0]
0x03DA	0xB002    ADD	SP, SP, #8
0x03DC	0x4770    BX	LR
0x03DE	0xBF00    NOP
0x03E0	0x00810000  	#129
0x03E4	0x00000000  	#0
0x03E8	0x1F400000  	#8000
0x03EC	0x20004002  	FLASH_ACR+0
0x03F0	0x10044002  	RCC_CFGR+0
0x03F4	0xFFFF000F  	#1048575
0x03F8	0x10004002  	RCC_CR+0
; end of __Lib_System_101_102_103_InitialSetUpRCCRCC2
__Lib_System_101_102_103_SystemClockSetDefault:
;__Lib_System_101_102_103.c, 347 :: 		
0x018C	0xB081    SUB	SP, SP, #4
;__Lib_System_101_102_103.c, 350 :: 		
0x018E	0x480F    LDR	R0, [PC, #60]
0x0190	0x6800    LDR	R0, [R0, #0]
0x0192	0xF0400101  ORR	R1, R0, #1
0x0196	0x480D    LDR	R0, [PC, #52]
0x0198	0x6001    STR	R1, [R0, #0]
;__Lib_System_101_102_103.c, 353 :: 		
0x019A	0x490D    LDR	R1, [PC, #52]
0x019C	0x480D    LDR	R0, [PC, #52]
0x019E	0x6001    STR	R1, [R0, #0]
;__Lib_System_101_102_103.c, 356 :: 		
0x01A0	0x480A    LDR	R0, [PC, #40]
0x01A2	0x6801    LDR	R1, [R0, #0]
0x01A4	0x480C    LDR	R0, [PC, #48]
0x01A6	0x4001    ANDS	R1, R0
0x01A8	0x4808    LDR	R0, [PC, #32]
0x01AA	0x6001    STR	R1, [R0, #0]
;__Lib_System_101_102_103.c, 359 :: 		
0x01AC	0x4807    LDR	R0, [PC, #28]
0x01AE	0x6801    LDR	R1, [R0, #0]
0x01B0	0xF46F2080  MVN	R0, #262144
0x01B4	0x4001    ANDS	R1, R0
0x01B6	0x4805    LDR	R0, [PC, #20]
0x01B8	0x6001    STR	R1, [R0, #0]
;__Lib_System_101_102_103.c, 362 :: 		
0x01BA	0x4806    LDR	R0, [PC, #24]
0x01BC	0x6801    LDR	R1, [R0, #0]
0x01BE	0xF46F00FE  MVN	R0, #8323072
0x01C2	0x4001    ANDS	R1, R0
0x01C4	0x4803    LDR	R0, [PC, #12]
0x01C6	0x6001    STR	R1, [R0, #0]
;__Lib_System_101_102_103.c, 366 :: 		
L_end_SystemClockSetDefault:
0x01C8	0xB001    ADD	SP, SP, #4
0x01CA	0x4770    BX	LR
0x01CC	0x10004002  	RCC_CR+0
0x01D0	0x0000F8FF  	#-117506048
0x01D4	0x10044002  	RCC_CFGR+0
0x01D8	0xFFFFFEF6  	#-17367041
; end of __Lib_System_101_102_103_SystemClockSetDefault
__Lib_System_101_102_103_InitialSetUpFosc:
;__Lib_System_101_102_103.c, 414 :: 		
0x02F0	0xB081    SUB	SP, SP, #4
;__Lib_System_101_102_103.c, 415 :: 		
0x02F2	0x4902    LDR	R1, [PC, #8]
0x02F4	0x4802    LDR	R0, [PC, #8]
0x02F6	0x6001    STR	R1, [R0, #0]
;__Lib_System_101_102_103.c, 416 :: 		
L_end_InitialSetUpFosc:
0x02F8	0xB001    ADD	SP, SP, #4
0x02FA	0x4770    BX	LR
0x02FC	0x1F400000  	#8000
0x0300	0x00042000  	___System_CLOCK_IN_KHZ+0
; end of __Lib_System_101_102_103_InitialSetUpFosc
___GenExcept:
;__Lib_System_101_102_103.c, 298 :: 		
0x0304	0xB081    SUB	SP, SP, #4
;__Lib_System_101_102_103.c, 299 :: 		
L___GenExcept27:
0x0306	0xE7FE    B	L___GenExcept27
;__Lib_System_101_102_103.c, 300 :: 		
L_end___GenExcept:
0x0308	0xB001    ADD	SP, SP, #4
0x030A	0x4770    BX	LR
; end of ___GenExcept
0x0428	0xB500    PUSH	(R14)
0x042A	0xF8DFB010  LDR	R11, [PC, #16]
0x042E	0xF8DFA010  LDR	R10, [PC, #16]
0x0432	0xF7FFFEF5  BL	544
0x0436	0xBD00    POP	(R15)
0x0438	0x4770    BX	LR
0x043A	0xBF00    NOP
0x043C	0x00002000  	#536870912
0x0440	0x00082000  	#536870920
;PIE.c,24 :: _activadores [8]
0x0418	0x00000000 ;_activadores+0
0x041C	0x03030001 ;_activadores+4
; end of _activadores
;PIE.c,23 :: _indicadores [8]
0x0420	0x88A4F98E ;_indicadores+0
0x0424	0x8686F9C0 ;_indicadores+4
; end of _indicadores
Symbol List:
//** Routines locations **
//ADDRESS    SIZE    PROCEDURE
//----------------------------------------------
0x0130      [72]    _Proceso
0x0178      [20]    ___CC2DW
0x018C      [80]    __Lib_System_101_102_103_SystemClockSetDefault
0x01DC      [68]    _Ini_var
0x0220      [58]    ___FillZeros
0x025C     [148]    _Conf_maq
0x02F0      [20]    __Lib_System_101_102_103_InitialSetUpFosc
0x0304       [8]    ___GenExcept
0x030C     [240]    __Lib_System_101_102_103_InitialSetUpRCCRCC2
0x03FC      [28]    _main
//** Variables locations ** 
//ADDRESS    SIZE    VARIABLE
//----------------------------------------------
0x20000000       [1]    _estado
0x20000004       [4]    ___System_CLOCK_IN_KHZ
//** Constants locations ** 
//ADDRESS    SIZE    CONSTANT
//----------------------------------------------
0x0418       [8]    _activadores
0x0420       [8]    _indicadores
