0	1	mikroCARM.exe -MSF -DBG -pSTM32F103RB -RA -BIN -LHF -C -DL -SSA -O11111114 -fo8 -N"E:\OneDrive - Instituto Politecnico Nacional\DOCENCIA\PERIODO 20212\Computadoras Automotrices II\Ejercicio4\Ejercicio4.mcpar" -SP"C:\Users\Public\Documents\Mikroelektronika\mikroC PRO for ARM\Defs\" -SP"C:\Users\Public\Documents\Mikroelektronika\mikroC PRO for ARM\Uses\ST M3\" -SP"E:\OneDrive - Instituto Politecnico Nacional\DOCENCIA\PERIODO 20212\Computadoras Automotrices II\Ejercicio4\" -IP"C:\Users\Public\Documents\Mikroelektronika\mikroC PRO for ARM\Uses\ST M3\" "Ejercicio4.c" "__Lib_Math.emcl" "__Lib_MathDouble.emcl" "__Lib_Delays.emcl" "__Lib_System_101_102_103.emcl" "__Lib_GPIO_32F10x_Defs.emcl" "__Lib_GPIO_32F10x.emcl"	 
diagnostics: 0	122	Compilation Started	STM32F103RB.c
diagnostics: 30441	123	Compiled Successfully	STM32F103RB.c
diagnostics: 0	122	Compilation Started	__Lib_Delays.c
diagnostics: 118	123	Compiled Successfully	__Lib_Delays.c
hint: 66	1164	Variable 'cycles_div_by_10' has been eliminated by optimizer	__Lib_Delays.c
hint: 87	1164	Variable 'NumberOfCyc' has been eliminated by optimizer	__Lib_Delays.c
hint: 104	1164	Variable 'NumberOfCyc' has been eliminated by optimizer	__Lib_Delays.c
diagnostics: 0	122	Compilation Started	__lib_gpio.h
diagnostics: 834	123	Compiled Successfully	__Lib_GPIO_32F10x_Defs.c
diagnostics: 0	122	Compilation Started	stdint.h
hint: 0	1004	interrupt handler (leer_dipsw at 0x001A)	Ejercicio4.c
hint: 0	1004	interrupt handler (playpause at 0x0038)	Ejercicio4.c
diagnostics: 184	123	Compiled Successfully	Ejercicio4.c
diagnostics: 0	127	All files Compiled in 78 ms	 
hint: 0	1144	Used RX: 13 (81%)   Free RX: 3 (19%)	Used RX: 13 (81%)   Free RX: 3 (19%)
hint: 0	1144	Static RAM (bytes): 7   Dynamic RAM (bytes): 20469	Static RAM (bytes): 7   Dynamic RAM (bytes): 20469
hint: 0	1144	Used ROM (bytes): 1881 (1%)  Free ROM (bytes): 129191 (99%)	Used ROM (bytes): 1881 (1%)  Free ROM (bytes): 129191 (99%)
diagnostics: 0	125	Project Linked Successfully	Ejercicio4.mcpar
diagnostics: 0	128	Linked in 188 ms	 
diagnostics: 0	129	Project 'Ejercicio4.mcpar' completed: 1063 ms	 
diagnostics: 0	103	Finished successfully: 12 may. 2021, 09:29:48	Ejercicio4.mcpar
