0	1	mikroCARM.exe -MSF -DBG -pSTM32F103RB -UICD -RA -BIN -LHF -C -DL -SSA -O11111114 -fo8 -N"E:\OneDrive - Instituto Politecnico Nacional\DOCENCIA\PERIODO 20212\Computadoras Automotrices II\Ejercicio3_APP\Ejercicio3_APP.mcpar" -SP"C:\Users\Public\Documents\Mikroelektronika\mikroC PRO for ARM\Defs\" -SP"C:\Users\Public\Documents\Mikroelektronika\mikroC PRO for ARM\Uses\ST M3\" -SP"E:\OneDrive - Instituto Politecnico Nacional\DOCENCIA\PERIODO 20212\Computadoras Automotrices II\Ejercicio3_APP\" -IP"C:\Users\Public\Documents\Mikroelektronika\mikroC PRO for ARM\Uses\ST M3\" "Ejercicio3_APP.c" "__Lib_Math.emcl" "__Lib_MathDouble.emcl" "__Lib_Delays.emcl" "__Lib_System_101_102_103.emcl" "__Lib_GPIO_32F10x_Defs.emcl" "__Lib_GPIO_32F10x.emcl"	 
diagnostics: 0	122	Compilation Started	STM32F103RB.c
diagnostics: 30441	123	Compiled Successfully	STM32F103RB.c
diagnostics: 0	122	Compilation Started	__Lib_Delays.c
diagnostics: 118	123	Compiled Successfully	__Lib_Delays.c
hint: 66	1164	Variable 'cycles_div_by_10' has been eliminated by optimizer	__Lib_Delays.c
hint: 87	1164	Variable 'NumberOfCyc' has been eliminated by optimizer	__Lib_Delays.c
hint: 104	1164	Variable 'NumberOfCyc' has been eliminated by optimizer	__Lib_Delays.c
diagnostics: 0	122	Compilation Started	__lib_gpio.h
diagnostics: 834	123	Compiled Successfully	__Lib_GPIO_32F10x_Defs.c
diagnostics: 0	122	Compilation Started	Ejercicio3_APP.c
warning: 71	1508	Implicit conversion of int to ptr	Ejercicio3_APP.c
warning: 77	1508	Implicit conversion of int to ptr	Ejercicio3_APP.c
warning: 84	1508	Implicit conversion of int to ptr	Ejercicio3_APP.c
warning: 90	1508	Implicit conversion of int to ptr	Ejercicio3_APP.c
diagnostics: 95	123	Compiled Successfully	Ejercicio3_APP.c
diagnostics: 0	127	All files Compiled in 63 ms	 
hint: 0	1144	Used RX: 13 (81%)   Free RX: 3 (19%)	Used RX: 13 (81%)   Free RX: 3 (19%)
hint: 0	1144	Static RAM (bytes): 4   Dynamic RAM (bytes): 20473	Static RAM (bytes): 4   Dynamic RAM (bytes): 20473
hint: 0	1144	Used ROM (bytes): 1040 (1%)  Free ROM (bytes): 130032 (99%)	Used ROM (bytes): 1040 (1%)  Free ROM (bytes): 130032 (99%)
diagnostics: 0	125	Project Linked Successfully	Ejercicio3_APP.mcpar
diagnostics: 0	128	Linked in 187 ms	 
diagnostics: 0	129	Project 'Ejercicio3_APP.mcpar' completed: 984 ms	 
diagnostics: 0	103	Finished successfully: 27 abr. 2021, 11:27:24	Ejercicio3_APP.mcpar
